REGISTRO 1: El estudiante V-5.0E+6 - LUIS SALAZAR NO está registrado como Aspirante. Registro NO Cargado
REGISTRO 2: El estudiante V-5000001 - JOSE GONZALEZ NO está registrado como Aspirante. Registro NO Cargado
REGISTRO 3: El estudiante V-5000002 - ANTONIO QUERO  NO está registrado como Aspirante. Registro NO Cargado
REGISTRO 4: El estudiante V-5000003 - LUIS MARIN  NO está registrado como Aspirante. Registro NO Cargado
REGISTRO 5: El estudiante V-5000004 - EDUARDO COELLO NO está registrado como Aspirante. Registro NO Cargado
REGISTRO 6: El estudiante V-5000005 - GERARDO BERMUDEZ NO está registrado como Aspirante. Registro NO Cargado
REGISTRO 7: El estudiante E-5000006 - MARÍA PÉREZ  NO está registrado como Aspirante. Registro NO Cargado
REGISTRO 8: El estudiante E-5000007 -  LUISA MORÁN NO está registrado como Aspirante. Registro NO Cargado
REGISTRO 9: El estudiante V-5000008 - ADRANA lopez NO está registrado como Aspirante. Registro NO Cargado
REGISTRO 10: El estudiante E-5000009 - ARANZA SANCHEZ NO está registrado como Aspirante. Registro NO Cargado
REGISTRO 11: El estudiante V-5000010 - leidy DIAZ NO está registrado como Aspirante. Registro NO Cargado
REGISTRO 12: El estudiante E-5000011 - MIRCHE GONZALEZ NO está registrado como Aspirante. Registro NO Cargado
REGISTRO 13: El estudiante V-5000012 - DELIA LEON NO está registrado como Aspirante. Registro NO Cargado
REGISTRO 14: El estudiante V-5000013 - SILEXA  RODRIGUEZ NO está registrado como Aspirante. Registro NO Cargado
REGISTRO 15: El estudiante E-5000014 - MIGUEL QUINTERO NO está registrado como Aspirante. Registro NO Cargado
REGISTRO 16: El estudiante E-5000015 - MIGUEL QUINTERO NO está registrado como Aspirante. Registro NO Cargado
REGISTRO 17: El estudiante V-5000016 - MIGUEL QUINTERO NO está registrado como Aspirante. Registro NO Cargado
REGISTRO 18: El estudiante E-5000017 - ANTONIO MORALES NO está registrado como Aspirante. Registro NO Cargado
REGISTRO 19: El estudiante V-5000018 - LUIS ROSALES NO está registrado como Aspirante. Registro NO Cargado
REGISTRO 20: El estudiante V-5000019 - MANUELCEDEÑO  NO está registrado como Aspirante. Registro NO Cargado
REGISTRO 21: El estudiante V-5000020 - MARIO MORENO NO está registrado como Aspirante. Registro NO Cargado
REGISTRO 22: El estudiante V-5000021 - HERMES RUIZ NO está registrado como Aspirante. Registro NO Cargado
REGISTRO 23: El estudiante V-5000022 - FRANCIA ZAMBRANO NO está registrado como Aspirante. Registro NO Cargado
REGISTRO 24: El estudiante V-5000023 - ANA FONSECA NO está registrado como Aspirante. Registro NO Cargado
REGISTRO 25: El estudiante V-5000024 - AIDA LEAL NO está registrado como Aspirante. Registro NO Cargado
